<?xml version="1.0" encoding="UTF-8"?>
<testsuite name="exposed.StrategyPatternTest" tests="5" skipped="0" failures="0" errors="0" timestamp="2026-03-04T19:50:53.425Z" hostname="dunak-Aspire-A515-48M" time="0.042">
  <properties/>
  <testcase name="A character with a strategy set should use the strategy" classname="exposed.StrategyPatternTest" time="0.029"/>
  <testcase name="RangedAttackStrategy should calculate baseAttackPower + 15" classname="exposed.StrategyPatternTest" time="0.002"/>
  <testcase name="MagicAttackStrategy should calculate baseAttackPower * 3" classname="exposed.StrategyPatternTest" time="0.002"/>
  <testcase name="MeleeAttackStrategy should calculate (int)(baseAttackPower * 1.5)" classname="exposed.StrategyPatternTest" time="0.002"/>
  <testcase name="A character with no strategy should fall back to calculateDamage()" classname="exposed.StrategyPatternTest" time="0.002"/>
  <system-out><![CDATA[]]></system-out>
  <system-err><![CDATA[]]></system-err>
</testsuite>
